[2024-04-04 10:35:44,205: INFO: stage_01_data_ingestion: >>>>>> stage Data Ingestion stage started <<<<<<]
[2024-04-04 10:35:44,207: INFO: common: yaml file: config/config.yaml loaded successfully]
[2024-04-04 10:35:44,209: INFO: common: yaml file: params.yaml loaded successfully]
[2024-04-04 10:35:44,209: INFO: common: created directory at: artifacts]
[2024-04-04 10:35:44,209: INFO: common: created directory at: artifacts/data_ingestion]
[2024-04-04 10:35:44,209: INFO: data_ingestion: Downloading data from https://drive.google.com/file/d/15x7WgsnRIcfzkKyjewlB38AKnzvnjSdN/view?usp=sharing into file artifacts/data_ingestion/data.zip]
[2024-04-04 10:35:55,503: INFO: data_ingestion: Downloaded data from https://drive.google.com/file/d/15x7WgsnRIcfzkKyjewlB38AKnzvnjSdN/view?usp=sharing into file artifacts/data_ingestion/data.zip]
[2024-04-04 10:35:55,920: INFO: stage_01_data_ingestion: >>>>>> stage Data Ingestion stage completed <<<<<<

x==========x]
[2024-04-04 11:25:59,704: INFO: stage_02_prepare_base_model: *******************]
[2024-04-04 11:25:59,704: INFO: stage_02_prepare_base_model: >>>>>> stage Prepare base model started <<<<<<]
[2024-04-04 11:25:59,706: INFO: common: yaml file: config/config.yaml loaded successfully]
[2024-04-04 11:25:59,709: INFO: common: yaml file: params.yaml loaded successfully]
[2024-04-04 11:25:59,710: INFO: common: created directory at: artifacts]
[2024-04-04 11:25:59,710: INFO: common: created directory at: artifacts/prepare_base_model]
[2024-04-04 11:26:12,653: WARNING: saving_utils: Compiled the loaded model, but the compiled metrics have yet to be built. `model.compile_metrics` will be empty until you train or evaluate the model.]
[2024-04-04 11:26:12,859: INFO: stage_02_prepare_base_model: >>>>>> stage Prepare base model completed <<<<<<

x==========x]
[2024-04-04 11:34:17,076: INFO: stage_03_model_training: *******************]
[2024-04-04 11:34:17,076: INFO: stage_03_model_training: >>>>>> stage Training started <<<<<<]
[2024-04-04 11:34:17,078: INFO: common: yaml file: config/config.yaml loaded successfully]
[2024-04-04 11:34:17,080: INFO: common: yaml file: params.yaml loaded successfully]
[2024-04-04 11:34:17,080: INFO: common: created directory at: artifacts]
[2024-04-04 11:34:17,080: INFO: common: created directory at: artifacts/training]
[2024-04-04 11:35:21,582: INFO: stage_03_model_training: >>>>>> stage Training completed <<<<<<

x==========x]
[2024-04-04 12:01:06,739: INFO: stage_04_model_evaluation: *******************]
[2024-04-04 12:01:06,739: INFO: stage_04_model_evaluation: >>>>>> stage Evaluation stage started <<<<<<]
[2024-04-04 12:01:06,741: INFO: common: yaml file: config/config.yaml loaded successfully]
[2024-04-04 12:01:06,743: INFO: common: yaml file: params.yaml loaded successfully]
[2024-04-04 12:01:06,743: INFO: common: created directory at: artifacts]
[2024-04-04 12:01:26,931: INFO: common: json file saved at: scores.json]
[2024-04-04 12:01:26,931: INFO: common: json file saved at: scores.json]
[2024-04-04 12:01:26,932: INFO: stage_04_model_evaluation: >>>>>> stage Evaluation stage completed <<<<<<

x==========x]
